{
  "stats": {
    "suites": 3,
    "tests": 3,
    "passes": 1,
    "pending": 0,
    "failures": 2,
    "start": "2023-01-09T07:12:28.658Z",
    "end": "2023-01-09T07:12:41.068Z",
    "duration": 12410,
    "testsRegistered": 3,
    "passPercent": 33.33333333333333,
    "pendingPercent": 0,
    "other": 0,
    "hasOther": false,
    "skipped": 0,
    "hasSkipped": false
  },
  "results": [
    {
      "uuid": "f924b719-0223-422c-b11f-d0298e95188f",
      "title": "",
      "fullFile": "",
      "file": "",
      "beforeHooks": [],
      "afterHooks": [],
      "tests": [],
      "suites": [
        {
          "uuid": "6f6c4a05-36aa-4862-a11c-531e9ec063be",
          "title": "add todo tests",
          "fullFile": "C:\\Selenium\\SeleniumTestingProjects\\SeleniumTraining\\index.js",
          "file": "\\index.js",
          "beforeHooks": [],
          "afterHooks": [],
          "tests": [
            {
              "title": "succesfully adds a todo application",
              "fullTitle": "add todo tests succesfully adds a todo application",
              "timedOut": null,
              "duration": 1615,
              "state": "failed",
              "speed": null,
              "pass": false,
              "fail": true,
              "pending": false,
              "context": null,
              "code": "//Launch Browser\nlet driver = await new Builder().forBrowser(\"chrome\").build();\n        \n//To fetch some url.\nawait driver?.get(\"https://www.selenium.dev/selenium/web/web-form.html\");\n\n// To send a search query by passing the value in searchString.\nawait driver\n?.findElement(By?.css('.form-control[name=\"my-textarea\"]'))\n?.sendKeys(searchString,Key.RETURN);\n//assertion\nlet todoText = await driver\n?.findElement(By?.css('[name=\"my-select\"] [selected]'))\n?.getText()\n.then(function(value){\n        return value\n});\n        \n// //assertion Node\n// assert.strictEqual(todoText, \"Three\")\n//assert using chai should\ntodoText.should.equal(\"Three\");\n//Something to do \nawait new Promise(res => setTimeout(res, 10000));\nlet title = await driver.getTitle();\nconsole.log('Title is:',todoText);\n        \n//Close the browser\nawait driver.quit();",
              "err": {
                "message": "AssertionError: expected 'Open this select menu' to equal 'Three'",
                "estack": "AssertionError: expected 'Open this select menu' to equal 'Three'\n    at Context.<anonymous> (index.js:41:33)\n    at processTicksAndRejections (node:internal/process/task_queues:96:5)",
                "diff": "- Open this select menu\n+ Three\n"
              },
              "uuid": "3479348e-dda3-4f98-956f-10b95994bf9e",
              "parentUUID": null,
              "isHook": false,
              "skipped": false
            }
          ],
          "suites": [],
          "passes": [],
          "failures": [
            "3479348e-dda3-4f98-956f-10b95994bf9e"
          ],
          "pending": [],
          "skipped": [],
          "duration": 1615,
          "root": false,
          "rootEmpty": false,
          "_timeout": null
        },
        {
          "uuid": "42775fc7-3aeb-438b-8474-1037336b2a5c",
          "title": "add todo tests",
          "fullFile": "C:\\Selenium\\SeleniumTestingProjects\\SeleniumTraining\\test3.js",
          "file": "\\test3.js",
          "beforeHooks": [],
          "afterHooks": [],
          "tests": [
            {
              "title": "succesfully adds a todo application",
              "fullTitle": "add todo tests succesfully adds a todo application",
              "timedOut": null,
              "duration": 1718,
              "state": "failed",
              "speed": null,
              "pass": false,
              "fail": true,
              "pending": false,
              "context": null,
              "code": "//Launch Browser\nlet driver = await new Builder().forBrowser(\"chrome\").build();\n        \n//To fetch some url.\nawait driver?.get(\"https://www.selenium.dev/selenium/web/web-form.html\");\n\n// To send a search query by passing the value in searchString.\nawait driver\n?.findElement(By?.css('.form-control[name=\"my-textarea\"]'))\n?.sendKeys(searchString,Key.RETURN);\n//assertion\nlet todoText = await driver\n?.findElement(By?.css('[name=\"my-select\"] [selected]'))\n?.getText()\n.then(function(value){\n        return value\n});\n        \n// //assertion Node\n// assert.strictEqual(todoText, \"Three\")\n//assert using chai should\ntodoText.should.equal(\"Three\");\n//Something to do \nawait new Promise(res => setTimeout(res, 10000));\nlet title = await driver.getTitle();\nconsole.log('Title is:',todoText);\n        \n//Close the browser\nawait driver.quit();",
              "err": {
                "message": "AssertionError: expected 'Open this select menu' to equal 'Three'",
                "estack": "AssertionError: expected 'Open this select menu' to equal 'Three'\n    at Context.<anonymous> (test3.js:41:33)\n    at processTicksAndRejections (node:internal/process/task_queues:96:5)",
                "diff": "- Open this select menu\n+ Three\n"
              },
              "uuid": "0684f7f1-6616-463d-b586-2b5e21e5b6c1",
              "parentUUID": null,
              "isHook": false,
              "skipped": false
            }
          ],
          "suites": [],
          "passes": [],
          "failures": [
            "0684f7f1-6616-463d-b586-2b5e21e5b6c1"
          ],
          "pending": [],
          "skipped": [],
          "duration": 1718,
          "root": false,
          "rootEmpty": false,
          "_timeout": null
        },
        {
          "uuid": "f368faa0-62d8-4ba1-9a1e-79dd1c651e98",
          "title": "add ANOTHER todo tests",
          "fullFile": "C:\\Selenium\\SeleniumTestingProjects\\SeleniumTraining\\anotherTest.js",
          "file": "\\anotherTest.js",
          "beforeHooks": [],
          "afterHooks": [],
          "tests": [
            {
              "title": "succesfully adds ANOTHER todo application",
              "fullTitle": "add ANOTHER todo tests succesfully adds ANOTHER todo application",
              "timedOut": null,
              "duration": 12058,
              "state": "passed",
              "speed": "slow",
              "pass": true,
              "fail": false,
              "pending": false,
              "context": null,
              "code": "//Launch Browser\nlet driver = await new Builder().forBrowser(\"chrome\").build();\n        \n//To fetch some url.\nawait driver?.get(\"https://www.selenium.dev/selenium/web/web-form.html\");\n\n// To send a search query by passing the value in searchString.\nawait driver\n?.findElement(By?.css('[name=\"my-file\"]'))\n?.sendKeys(\"C:\\\\Users\\\\alan_\\\\Downloads\\\\Peepo.png\");\n//assertion\nlet fileName = await driver\n?.findElement(By?.css(' [name=\"my-file\"]'))\n?.getAttribute(\"value\")\n.then(function(value){\n        return value.match(/(?<=[\\w\\\\])([\\w])+(?=\\.)/g)[0]\n});\n\n        \n// //assertion Node\n// assert.strictEqual(todoText, \"Three\")\n//assert using chai should\nfileName.should.include(\"Peepo\")\n//Something to do \nawait new Promise(res => setTimeout(res, 10000));\nlet title = await driver.getTitle();\nconsole.log('Title is :',title);\nconsole.log('File name is :',fileName);\n        \n//Close the browser\nawait driver.quit();",
              "err": {},
              "uuid": "7f4a98b7-8679-4407-8aa7-ed71ec35dce6",
              "parentUUID": null,
              "isHook": false,
              "skipped": false
            }
          ],
          "suites": [],
          "passes": [
            "7f4a98b7-8679-4407-8aa7-ed71ec35dce6"
          ],
          "failures": [],
          "pending": [],
          "skipped": [],
          "duration": 12058,
          "root": false,
          "rootEmpty": false,
          "_timeout": null
        }
      ],
      "passes": [],
      "failures": [],
      "pending": [],
      "skipped": [],
      "duration": 0,
      "root": true,
      "rootEmpty": true,
      "_timeout": 0
    }
  ],
  "meta": {
    "mocha": {
      "version": "10.2.0"
    },
    "mochawesome": {
      "options": {
        "quiet": false,
        "reportFilename": "mochawesome",
        "saveHtml": true,
        "saveJson": true,
        "consoleReporter": "spec",
        "useInlineDiffs": false,
        "code": true
      },
      "version": "7.1.3"
    },
    "marge": {
      "options": null,
      "version": "6.2.0"
    }
  }
}